0	0	./data/img/h_361.jpg
1	0	./data/img/h_460.jpg
2	0	./data/img/h_60.jpg
3	0	./data/img/h_10.jpg
4	0	./data/img/h_48.jpg
5	0	./data/img/h_546.jpg
6	0	./data/img/h_146.jpg
7	0	./data/img/h_161.jpg
8	0	./data/img/h_296.jpg
9	0	./data/img/h_111.jpg
10	0	./data/img/h_333.jpg
11	0	./data/img/h_79.jpg
12	0	./data/img/h_541.jpg
13	0	./data/img/h_522.jpg
14	0	./data/img/h_447.jpg
15	0	./data/img/h_353.jpg
16	0	./data/img/h_358.jpg
17	0	./data/img/h_144.jpg
18	0	./data/img/h_398.jpg
19	0	./data/img/h_19.jpg
20	0	./data/img/h_554.jpg
21	0	./data/img/h_158.jpg
22	0	./data/img/h_121.jpg
23	0	./data/img/h_225.jpg
24	0	./data/img/h_50.jpg
25	0	./data/img/h_68.jpg
26	0	./data/img/h_21.jpg
27	0	./data/img/h_290.jpg
28	0	./data/img/h_66.jpg
29	0	./data/img/h_14.jpg
30	0	./data/img/h_110.jpg
31	0	./data/img/h_243.jpg
32	0	./data/img/h_54.jpg
33	0	./data/img/h_58.jpg
34	0	./data/img/h_311.jpg
35	0	./data/img/h_230.jpg
36	0	./data/img/h_124.jpg
37	0	./data/img/h_284.jpg
38	0	./data/img/h_22.jpg
39	0	./data/img/h_231.jpg
40	0	./data/img/h_553.jpg
41	0	./data/img/h_464.jpg
42	0	./data/img/h_151.jpg
43	0	./data/img/h_15.jpg
44	0	./data/img/h_392.jpg
45	0	./data/img/h_403.jpg
46	0	./data/img/h_467.jpg
47	0	./data/img/h_566.jpg
48	0	./data/img/h_537.jpg
49	0	./data/img/h_466.jpg
50	0	./data/img/h_194.jpg
51	0	./data/img/h_105.jpg
52	0	./data/img/h_507.jpg
53	0	./data/img/h_23.jpg
54	0	./data/img/h_141.jpg
55	0	./data/img/h_116.jpg
56	0	./data/img/h_142.jpg
57	0	./data/img/h_108.jpg
58	0	./data/img/h_174.jpg
59	0	./data/img/h_216.jpg
60	0	./data/img/h_84.jpg
61	0	./data/img/h_43.jpg
62	0	./data/img/h_279.jpg
63	0	./data/img/h_320.jpg
64	0	./data/img/h_366.jpg
65	0	./data/img/h_29.jpg
66	0	./data/img/h_463.jpg
67	0	./data/img/h_270.jpg
68	0	./data/img/h_378.jpg
69	0	./data/img/h_372.jpg
70	0	./data/img/h_236.jpg
71	0	./data/img/h_391.jpg
72	0	./data/img/h_385.jpg
73	0	./data/img/h_59.jpg
74	0	./data/img/h_251.jpg
75	0	./data/img/h_82.jpg
76	0	./data/img/h_451.jpg
77	0	./data/img/h_318.jpg
78	0	./data/img/h_154.jpg
79	0	./data/img/h_222.jpg
80	0	./data/img/h_99.jpg
81	0	./data/img/h_288.jpg
82	0	./data/img/h_49.jpg
83	0	./data/img/h_538.jpg
84	0	./data/img/h_207.jpg
85	0	./data/img/h_479.jpg
86	0	./data/img/h_249.jpg
87	0	./data/img/h_364.jpg
88	0	./data/img/h_571.jpg
89	0	./data/img/h_291.jpg
90	0	./data/img/h_190.jpg
91	0	./data/img/h_87.jpg
92	0	./data/img/h_400.jpg
93	0	./data/img/h_568.jpg
94	0	./data/img/h_369.jpg
95	0	./data/img/h_272.jpg
96	0	./data/img/h_315.jpg
97	0	./data/img/h_201.jpg
98	0	./data/img/h_213.jpg
99	0	./data/img/h_557.jpg
100	0	./data/img/h_324.jpg
101	0	./data/img/h_307.jpg
102	0	./data/img/h_102.jpg
103	0	./data/img/h_188.jpg
104	0	./data/img/h_164.jpg
105	0	./data/img/h_248.jpg
106	0	./data/img/h_211.jpg
107	0	./data/img/h_436.jpg
108	0	./data/img/h_456.jpg
109	0	./data/img/h_83.jpg
110	0	./data/img/h_286.jpg
111	0	./data/img/h_556.jpg
112	0	./data/img/h_77.jpg
113	0	./data/img/h_90.jpg
114	0	./data/img/h_220.jpg
115	0	./data/img/h_130.jpg
116	0	./data/img/h_421.jpg
117	0	./data/img/h_241.jpg
118	0	./data/img/h_200.jpg
119	0	./data/img/h_501.jpg
120	0	./data/img/h_103.jpg
121	0	./data/img/h_52.jpg
122	0	./data/img/h_555.jpg
123	0	./data/img/h_360.jpg
124	0	./data/img/h_123.jpg
125	0	./data/img/h_256.jpg
126	0	./data/img/h_301.jpg
127	0	./data/img/h_439.jpg
128	0	./data/img/h_160.jpg
129	0	./data/img/h_122.jpg
130	0	./data/img/h_274.jpg
131	0	./data/img/h_245.jpg
132	0	./data/img/h_473.jpg
133	0	./data/img/h_209.jpg
134	0	./data/img/h_37.jpg
135	0	./data/img/h_242.jpg
136	0	./data/img/h_280.jpg
137	0	./data/img/h_506.jpg
138	0	./data/img/h_94.jpg
139	0	./data/img/h_13.jpg
140	0	./data/img/h_445.jpg
141	0	./data/img/h_182.jpg
142	0	./data/img/h_349.jpg
143	0	./data/img/h_396.jpg
144	0	./data/img/h_469.jpg
145	0	./data/img/h_413.jpg
146	0	./data/img/h_373.jpg
147	0	./data/img/h_562.jpg
148	0	./data/img/h_51.jpg
149	0	./data/img/h_395.jpg
150	0	./data/img/h_1.jpg
151	0	./data/img/h_173.jpg
152	0	./data/img/h_317.jpg
153	0	./data/img/h_74.jpg
154	0	./data/img/h_409.jpg
155	0	./data/img/h_136.jpg
156	0	./data/img/h_246.jpg
157	0	./data/img/h_31.jpg
158	0	./data/img/h_565.jpg
159	0	./data/img/h_472.jpg
160	0	./data/img/h_91.jpg
161	0	./data/img/h_127.jpg
162	0	./data/img/h_117.jpg
163	0	./data/img/h_148.jpg
164	0	./data/img/h_163.jpg
165	0	./data/img/h_515.jpg
166	0	./data/img/h_107.jpg
167	0	./data/img/h_71.jpg
168	0	./data/img/h_474.jpg
169	0	./data/img/h_115.jpg
170	0	./data/img/h_514.jpg
171	0	./data/img/h_199.jpg
172	0	./data/img/h_267.jpg
173	0	./data/img/h_511.jpg
174	0	./data/img/h_399.jpg
175	0	./data/img/h_140.jpg
176	0	./data/img/h_306.jpg
177	0	./data/img/h_532.jpg
178	0	./data/img/h_96.jpg
179	0	./data/img/h_316.jpg
180	0	./data/img/h_261.jpg
181	0	./data/img/h_354.jpg
182	0	./data/img/h_7.jpg
183	0	./data/img/h_269.jpg
184	0	./data/img/h_218.jpg
185	0	./data/img/h_205.jpg
186	0	./data/img/h_525.jpg
187	0	./data/img/h_325.jpg
188	0	./data/img/h_331.jpg
189	0	./data/img/h_192.jpg
190	0	./data/img/h_145.jpg
191	0	./data/img/h_254.jpg
192	0	./data/img/h_44.jpg
193	0	./data/img/h_234.jpg
194	0	./data/img/h_281.jpg
195	0	./data/img/h_72.jpg
196	0	./data/img/h_53.jpg
197	0	./data/img/h_237.jpg
198	0	./data/img/h_156.jpg
199	0	./data/img/h_389.jpg
200	0	./data/img/h_450.jpg
201	0	./data/img/h_357.jpg
202	0	./data/img/h_459.jpg
203	0	./data/img/h_326.jpg
204	0	./data/img/h_153.jpg
205	0	./data/img/h_500.jpg
206	0	./data/img/h_295.jpg
207	0	./data/img/h_244.jpg
208	0	./data/img/h_420.jpg
209	0	./data/img/h_132.jpg
210	0	./data/img/h_323.jpg
211	0	./data/img/h_430.jpg
212	0	./data/img/h_273.jpg
213	0	./data/img/h_128.jpg
214	0	./data/img/h_229.jpg
215	0	./data/img/h_550.jpg
216	0	./data/img/h_195.jpg
217	0	./data/img/h_423.jpg
218	0	./data/img/h_204.jpg
219	0	./data/img/h_559.jpg
220	0	./data/img/h_258.jpg
221	0	./data/img/h_178.jpg
222	0	./data/img/h_424.jpg
223	0	./data/img/h_336.jpg
224	0	./data/img/h_33.jpg
225	0	./data/img/h_239.jpg
226	0	./data/img/h_393.jpg
227	0	./data/img/h_371.jpg
228	0	./data/img/h_332.jpg
229	0	./data/img/h_505.jpg
230	0	./data/img/h_345.jpg
231	0	./data/img/h_303.jpg
232	0	./data/img/h_381.jpg
233	0	./data/img/h_483.jpg
234	0	./data/img/h_314.jpg
235	0	./data/img/h_259.jpg
236	0	./data/img/h_523.jpg
237	0	./data/img/h_95.jpg
238	0	./data/img/h_283.jpg
239	0	./data/img/h_191.jpg
240	0	./data/img/h_150.jpg
241	0	./data/img/h_434.jpg
242	0	./data/img/h_88.jpg
243	0	./data/img/h_535.jpg
244	0	./data/img/h_356.jpg
245	0	./data/img/h_197.jpg
246	0	./data/img/h_24.jpg
247	0	./data/img/h_355.jpg
248	0	./data/img/h_543.jpg
249	0	./data/img/h_112.jpg
250	0	./data/img/h_299.jpg
251	0	./data/img/h_276.jpg
252	0	./data/img/h_165.jpg
253	0	./data/img/h_416.jpg
254	0	./data/img/h_252.jpg
255	0	./data/img/h_63.jpg
256	0	./data/img/h_502.jpg
257	0	./data/img/h_62.jpg
258	0	./data/img/h_350.jpg
259	0	./data/img/h_465.jpg
260	0	./data/img/h_397.jpg
261	0	./data/img/h_527.jpg
262	0	./data/img/h_414.jpg
263	0	./data/img/h_540.jpg
264	0	./data/img/h_427.jpg
265	0	./data/img/h_8.jpg
266	0	./data/img/h_569.jpg
267	0	./data/img/h_487.jpg
268	0	./data/img/h_217.jpg
269	0	./data/img/h_114.jpg
270	0	./data/img/h_240.jpg
271	0	./data/img/h_297.jpg
272	0	./data/img/h_233.jpg
273	0	./data/img/h_5.jpg
274	0	./data/img/h_561.jpg
275	0	./data/img/h_431.jpg
276	0	./data/img/h_100.jpg
277	0	./data/img/h_46.jpg
278	0	./data/img/h_563.jpg
279	0	./data/img/h_530.jpg
280	0	./data/img/h_104.jpg
281	0	./data/img/h_383.jpg
282	0	./data/img/h_305.jpg
283	0	./data/img/h_36.jpg
284	0	./data/img/h_232.jpg
285	0	./data/img/h_524.jpg
286	0	./data/img/h_480.jpg
287	0	./data/img/h_131.jpg
288	0	./data/img/h_253.jpg
289	0	./data/img/h_337.jpg
290	0	./data/img/h_98.jpg
291	0	./data/img/h_498.jpg
292	0	./data/img/h_285.jpg
293	0	./data/img/h_313.jpg
294	0	./data/img/h_533.jpg
295	0	./data/img/h_401.jpg
296	0	./data/img/h_30.jpg
297	0	./data/img/h_518.jpg
298	0	./data/img/h_56.jpg
299	0	./data/img/h_509.jpg
300	0	./data/img/h_215.jpg
301	0	./data/img/h_486.jpg
302	0	./data/img/h_380.jpg
303	0	./data/img/h_176.jpg
304	0	./data/img/h_139.jpg
305	0	./data/img/h_287.jpg
306	0	./data/img/h_219.jpg
307	0	./data/img/h_185.jpg
308	0	./data/img/h_330.jpg
309	0	./data/img/h_412.jpg
310	0	./data/img/h_516.jpg
311	0	./data/img/h_377.jpg
312	0	./data/img/h_309.jpg
313	0	./data/img/h_453.jpg
314	0	./data/img/h_85.jpg
315	0	./data/img/h_193.jpg
316	0	./data/img/h_491.jpg
317	0	./data/img/h_351.jpg
318	0	./data/img/h_214.jpg
319	0	./data/img/h_203.jpg
320	0	./data/img/h_517.jpg
321	0	./data/img/h_118.jpg
322	0	./data/img/h_135.jpg
323	0	./data/img/h_298.jpg
324	0	./data/img/h_247.jpg
325	0	./data/img/h_28.jpg
326	0	./data/img/h_478.jpg
327	0	./data/img/h_384.jpg
328	0	./data/img/h_152.jpg
329	0	./data/img/h_208.jpg
330	0	./data/img/h_159.jpg
331	0	./data/img/h_113.jpg
332	0	./data/img/h_492.jpg
333	0	./data/img/h_179.jpg
334	0	./data/img/h_339.jpg
335	0	./data/img/h_268.jpg
336	0	./data/img/h_419.jpg
337	0	./data/img/h_70.jpg
338	0	./data/img/h_437.jpg
339	0	./data/img/h_488.jpg
340	0	./data/img/h_78.jpg
341	0	./data/img/h_257.jpg
342	0	./data/img/h_520.jpg
343	0	./data/img/h_20.jpg
344	0	./data/img/h_183.jpg
345	0	./data/img/h_189.jpg
346	0	./data/img/h_67.jpg
347	0	./data/img/h_16.jpg
348	0	./data/img/h_34.jpg
349	0	./data/img/h_97.jpg
350	0	./data/img/h_167.jpg
351	0	./data/img/h_444.jpg
352	0	./data/img/h_440.jpg
353	0	./data/img/h_446.jpg
354	0	./data/img/h_263.jpg
355	0	./data/img/h_289.jpg
356	0	./data/img/h_567.jpg
357	0	./data/img/h_255.jpg
358	0	./data/img/h_426.jpg
359	0	./data/img/h_40.jpg
360	0	./data/img/h_417.jpg
361	0	./data/img/h_432.jpg
362	0	./data/img/h_341.jpg
363	0	./data/img/h_425.jpg
364	0	./data/img/h_544.jpg
365	0	./data/img/h_319.jpg
366	0	./data/img/h_504.jpg
367	0	./data/img/h_519.jpg
368	0	./data/img/h_457.jpg
369	0	./data/img/h_461.jpg
370	0	./data/img/h_198.jpg
371	0	./data/img/h_168.jpg
372	0	./data/img/h_55.jpg
373	0	./data/img/h_370.jpg
374	0	./data/img/h_452.jpg
375	0	./data/img/h_508.jpg
376	0	./data/img/h_328.jpg
377	0	./data/img/h_162.jpg
378	0	./data/img/h_129.jpg
379	0	./data/img/h_202.jpg
380	0	./data/img/h_292.jpg
381	0	./data/img/h_133.jpg
382	0	./data/img/h_235.jpg
383	0	./data/img/h_441.jpg
384	1	./data/img/a_132.jpg
385	1	./data/img/a_220.jpg
386	1	./data/img/a_44.jpg
387	1	./data/img/a_528.jpg
388	1	./data/img/a_489.jpg
389	1	./data/img/a_423.jpg
390	1	./data/img/a_314.jpg
391	1	./data/img/a_98.jpg
392	1	./data/img/a_361.jpg
393	1	./data/img/a_187.jpg
394	1	./data/img/a_97.jpg
395	1	./data/img/a_376.jpg
396	1	./data/img/a_380.jpg
397	1	./data/img/a_511.jpg
398	1	./data/img/a_273.jpg
399	1	./data/img/a_182.jpg
400	1	./data/img/a_542.jpg
401	1	./data/img/a_302.jpg
402	1	./data/img/a_386.jpg
403	1	./data/img/a_175.jpg
404	1	./data/img/a_256.jpg
405	1	./data/img/a_63.jpg
406	1	./data/img/a_387.jpg
407	1	./data/img/a_230.jpg
408	1	./data/img/a_282.jpg
409	1	./data/img/a_109.jpg
410	1	./data/img/a_326.jpg
411	1	./data/img/a_252.jpg
412	1	./data/img/a_536.jpg
413	1	./data/img/a_205.jpg
414	1	./data/img/a_33.jpg
415	1	./data/img/a_263.jpg
416	1	./data/img/a_327.jpg
417	1	./data/img/a_372.jpg
418	1	./data/img/a_131.jpg
419	1	./data/img/a_416.jpg
420	1	./data/img/a_480.jpg
421	1	./data/img/a_356.jpg
422	1	./data/img/a_339.jpg
423	1	./data/img/a_340.jpg
424	1	./data/img/a_425.jpg
425	1	./data/img/a_77.jpg
426	1	./data/img/a_443.jpg
427	1	./data/img/a_236.jpg
428	1	./data/img/a_34.jpg
429	1	./data/img/a_484.jpg
430	1	./data/img/a_73.jpg
431	1	./data/img/a_381.jpg
432	1	./data/img/a_337.jpg
433	1	./data/img/a_149.jpg
434	1	./data/img/a_549.jpg
435	1	./data/img/a_225.jpg
436	1	./data/img/a_431.jpg
437	1	./data/img/a_6.jpg
438	1	./data/img/a_483.jpg
439	1	./data/img/a_284.jpg
440	1	./data/img/a_251.jpg
441	1	./data/img/a_341.jpg
442	1	./data/img/a_87.jpg
443	1	./data/img/a_557.jpg
444	1	./data/img/a_516.jpg
445	1	./data/img/a_394.jpg
446	1	./data/img/a_290.jpg
447	1	./data/img/a_79.jpg
448	1	./data/img/a_401.jpg
449	1	./data/img/a_165.jpg
450	1	./data/img/a_464.jpg
451	1	./data/img/a_115.jpg
452	1	./data/img/a_429.jpg
453	1	./data/img/a_30.jpg
454	1	./data/img/a_12.jpg
455	1	./data/img/a_560.jpg
456	1	./data/img/a_144.jpg
457	1	./data/img/a_81.jpg
458	1	./data/img/a_497.jpg
459	1	./data/img/a_454.jpg
460	1	./data/img/a_268.jpg
461	1	./data/img/a_207.jpg
462	1	./data/img/a_216.jpg
463	1	./data/img/a_239.jpg
464	1	./data/img/a_457.jpg
465	1	./data/img/a_315.jpg
466	1	./data/img/a_112.jpg
467	1	./data/img/a_201.jpg
468	1	./data/img/a_330.jpg
469	1	./data/img/a_478.jpg
470	1	./data/img/a_453.jpg
471	1	./data/img/a_369.jpg
472	1	./data/img/a_283.jpg
473	1	./data/img/a_544.jpg
474	1	./data/img/a_217.jpg
475	1	./data/img/a_125.jpg
476	1	./data/img/a_525.jpg
477	1	./data/img/a_124.jpg
478	1	./data/img/a_66.jpg
479	1	./data/img/a_444.jpg
480	1	./data/img/a_94.jpg
481	1	./data/img/a_435.jpg
482	1	./data/img/a_95.jpg
483	1	./data/img/a_140.jpg
484	1	./data/img/a_50.jpg
485	1	./data/img/a_451.jpg
486	1	./data/img/a_191.jpg
487	1	./data/img/a_472.jpg
488	1	./data/img/a_61.jpg
489	1	./data/img/a_474.jpg
490	1	./data/img/a_396.jpg
491	1	./data/img/a_18.jpg
492	1	./data/img/a_303.jpg
493	1	./data/img/a_72.jpg
494	1	./data/img/a_163.jpg
495	1	./data/img/a_229.jpg
496	1	./data/img/a_553.jpg
497	1	./data/img/a_291.jpg
498	1	./data/img/a_502.jpg
499	1	./data/img/a_289.jpg
500	1	./data/img/a_133.jpg
501	1	./data/img/a_365.jpg
502	1	./data/img/a_51.jpg
503	1	./data/img/a_413.jpg
504	1	./data/img/a_173.jpg
505	1	./data/img/a_43.jpg
506	1	./data/img/a_503.jpg
507	1	./data/img/a_559.jpg
508	1	./data/img/a_533.jpg
509	1	./data/img/a_65.jpg
510	1	./data/img/a_62.jpg
511	1	./data/img/a_513.jpg
512	1	./data/img/a_548.jpg
513	1	./data/img/a_110.jpg
514	1	./data/img/a_83.jpg
515	1	./data/img/a_143.jpg
516	1	./data/img/a_555.jpg
517	1	./data/img/a_324.jpg
518	1	./data/img/a_212.jpg
519	1	./data/img/a_232.jpg
520	1	./data/img/a_292.jpg
521	1	./data/img/a_262.jpg
522	1	./data/img/a_32.jpg
523	1	./data/img/a_16.jpg
524	1	./data/img/a_293.jpg
525	1	./data/img/a_420.jpg
526	1	./data/img/a_238.jpg
527	1	./data/img/a_370.jpg
528	1	./data/img/a_246.jpg
529	1	./data/img/a_377.jpg
530	1	./data/img/a_190.jpg
531	1	./data/img/a_199.jpg
532	1	./data/img/a_406.jpg
533	1	./data/img/a_343.jpg
534	1	./data/img/a_456.jpg
535	1	./data/img/a_459.jpg
536	1	./data/img/a_477.jpg
537	1	./data/img/a_23.jpg
538	1	./data/img/a_392.jpg
539	1	./data/img/a_537.jpg
540	1	./data/img/a_265.jpg
541	1	./data/img/a_437.jpg
542	1	./data/img/a_151.jpg
543	1	./data/img/a_412.jpg
544	1	./data/img/a_183.jpg
545	1	./data/img/a_274.jpg
546	1	./data/img/a_122.jpg
547	1	./data/img/a_307.jpg
548	1	./data/img/a_393.jpg
549	1	./data/img/a_462.jpg
550	1	./data/img/a_177.jpg
551	1	./data/img/a_371.jpg
552	1	./data/img/a_514.jpg
553	1	./data/img/a_224.jpg
554	1	./data/img/a_204.jpg
555	1	./data/img/a_482.jpg
556	1	./data/img/a_440.jpg
557	1	./data/img/a_209.jpg
558	1	./data/img/a_476.jpg
559	1	./data/img/a_242.jpg
560	1	./data/img/a_378.jpg
561	1	./data/img/a_228.jpg
562	1	./data/img/a_374.jpg
563	1	./data/img/a_286.jpg
564	1	./data/img/a_561.jpg
565	1	./data/img/a_237.jpg
566	1	./data/img/a_41.jpg
567	1	./data/img/a_471.jpg
568	1	./data/img/a_210.jpg
569	1	./data/img/a_248.jpg
570	1	./data/img/a_491.jpg
571	1	./data/img/a_493.jpg
572	1	./data/img/a_362.jpg
573	1	./data/img/a_3.jpg
574	1	./data/img/a_524.jpg
575	1	./data/img/a_521.jpg
576	1	./data/img/a_438.jpg
577	1	./data/img/a_469.jpg
578	1	./data/img/a_316.jpg
579	1	./data/img/a_206.jpg
580	1	./data/img/a_118.jpg
581	1	./data/img/a_172.jpg
582	1	./data/img/a_153.jpg
583	1	./data/img/a_93.jpg
584	1	./data/img/a_554.jpg
585	1	./data/img/a_390.jpg
586	1	./data/img/a_7.jpg
587	1	./data/img/a_541.jpg
588	1	./data/img/a_82.jpg
589	1	./data/img/a_181.jpg
590	1	./data/img/a_234.jpg
591	1	./data/img/a_89.jpg
592	1	./data/img/a_117.jpg
593	1	./data/img/a_249.jpg
594	1	./data/img/a_136.jpg
595	1	./data/img/a_257.jpg
596	1	./data/img/a_54.jpg
597	1	./data/img/a_317.jpg
598	1	./data/img/a_308.jpg
599	1	./data/img/a_102.jpg
600	1	./data/img/a_126.jpg
601	1	./data/img/a_523.jpg
602	1	./data/img/a_297.jpg
603	1	./data/img/a_233.jpg
604	1	./data/img/a_148.jpg
605	1	./data/img/a_247.jpg
606	1	./data/img/a_80.jpg
607	1	./data/img/a_551.jpg
608	1	./data/img/a_358.jpg
609	1	./data/img/a_179.jpg
610	1	./data/img/a_510.jpg
611	1	./data/img/a_300.jpg
612	1	./data/img/a_382.jpg
613	1	./data/img/a_539.jpg
614	1	./data/img/a_156.jpg
615	1	./data/img/a_25.jpg
616	1	./data/img/a_344.jpg
617	1	./data/img/a_259.jpg
618	1	./data/img/a_505.jpg
619	1	./data/img/a_107.jpg
620	1	./data/img/a_202.jpg
621	1	./data/img/a_404.jpg
622	1	./data/img/a_159.jpg
623	1	./data/img/a_108.jpg
624	1	./data/img/a_231.jpg
625	1	./data/img/a_519.jpg
626	1	./data/img/a_441.jpg
627	1	./data/img/a_46.jpg
628	1	./data/img/a_535.jpg
629	1	./data/img/a_328.jpg
630	1	./data/img/a_320.jpg
631	1	./data/img/a_106.jpg
632	1	./data/img/a_353.jpg
633	1	./data/img/a_436.jpg
634	1	./data/img/a_458.jpg
635	1	./data/img/a_385.jpg
636	1	./data/img/a_36.jpg
637	1	./data/img/a_329.jpg
638	1	./data/img/a_496.jpg
639	1	./data/img/a_488.jpg
640	1	./data/img/a_354.jpg
641	1	./data/img/a_287.jpg
642	1	./data/img/a_490.jpg
643	1	./data/img/a_266.jpg
644	1	./data/img/a_301.jpg
645	1	./data/img/a_395.jpg
646	1	./data/img/a_306.jpg
647	1	./data/img/a_512.jpg
648	1	./data/img/a_92.jpg
649	1	./data/img/a_432.jpg
650	1	./data/img/a_408.jpg
651	1	./data/img/a_349.jpg
652	1	./data/img/a_45.jpg
653	1	./data/img/a_240.jpg
654	1	./data/img/a_135.jpg
655	1	./data/img/a_13.jpg
656	1	./data/img/a_360.jpg
657	1	./data/img/a_312.jpg
658	1	./data/img/a_71.jpg
659	1	./data/img/a_415.jpg
660	1	./data/img/a_322.jpg
661	1	./data/img/a_275.jpg
662	1	./data/img/a_295.jpg
663	1	./data/img/a_518.jpg
664	1	./data/img/a_74.jpg
665	1	./data/img/a_208.jpg
666	1	./data/img/a_21.jpg
667	1	./data/img/a_507.jpg
668	1	./data/img/a_414.jpg
669	1	./data/img/a_296.jpg
670	1	./data/img/a_123.jpg
671	1	./data/img/a_176.jpg
672	1	./data/img/a_258.jpg
673	1	./data/img/a_345.jpg
674	1	./data/img/a_299.jpg
675	1	./data/img/a_280.jpg
676	1	./data/img/a_309.jpg
677	1	./data/img/a_428.jpg
678	1	./data/img/a_158.jpg
679	1	./data/img/a_226.jpg
680	1	./data/img/a_545.jpg
681	1	./data/img/a_485.jpg
682	1	./data/img/a_70.jpg
683	1	./data/img/a_196.jpg
684	1	./data/img/a_142.jpg
685	1	./data/img/a_526.jpg
686	1	./data/img/a_114.jpg
687	1	./data/img/a_335.jpg
688	1	./data/img/a_442.jpg
689	1	./data/img/a_195.jpg
690	1	./data/img/a_347.jpg
691	1	./data/img/a_27.jpg
692	1	./data/img/a_194.jpg
693	1	./data/img/a_363.jpg
694	1	./data/img/a_184.jpg
695	1	./data/img/a_119.jpg
696	1	./data/img/a_85.jpg
697	1	./data/img/a_120.jpg
698	1	./data/img/a_214.jpg
699	1	./data/img/a_409.jpg
700	1	./data/img/a_39.jpg
701	1	./data/img/a_357.jpg
702	1	./data/img/a_399.jpg
703	1	./data/img/a_556.jpg
704	1	./data/img/a_515.jpg
705	1	./data/img/a_243.jpg
706	1	./data/img/a_426.jpg
707	1	./data/img/a_137.jpg
708	1	./data/img/a_405.jpg
709	1	./data/img/a_323.jpg
710	1	./data/img/a_279.jpg
711	1	./data/img/a_84.jpg
712	1	./data/img/a_434.jpg
713	1	./data/img/a_348.jpg
714	1	./data/img/a_17.jpg
715	1	./data/img/a_538.jpg
716	1	./data/img/a_24.jpg
717	1	./data/img/a_68.jpg
718	1	./data/img/a_174.jpg
719	1	./data/img/a_550.jpg
720	1	./data/img/a_222.jpg
721	1	./data/img/a_168.jpg
722	1	./data/img/a_499.jpg
723	1	./data/img/a_475.jpg
724	1	./data/img/a_334.jpg
725	1	./data/img/a_304.jpg
726	1	./data/img/a_26.jpg
727	1	./data/img/a_288.jpg
728	1	./data/img/a_170.jpg
729	1	./data/img/a_154.jpg
730	1	./data/img/a_325.jpg
731	1	./data/img/a_10.jpg
732	1	./data/img/a_421.jpg
733	1	./data/img/a_366.jpg
734	1	./data/img/a_55.jpg
735	1	./data/img/a_14.jpg
736	1	./data/img/a_99.jpg
737	1	./data/img/a_49.jpg
738	1	./data/img/a_509.jpg
739	1	./data/img/a_78.jpg
740	1	./data/img/a_460.jpg
741	1	./data/img/a_40.jpg
742	1	./data/img/a_241.jpg
743	1	./data/img/a_398.jpg
744	1	./data/img/a_448.jpg
745	1	./data/img/a_400.jpg
746	1	./data/img/a_146.jpg
747	1	./data/img/a_439.jpg
748	1	./data/img/a_427.jpg
749	1	./data/img/a_500.jpg
750	1	./data/img/a_530.jpg
751	1	./data/img/a_468.jpg
752	1	./data/img/a_254.jpg
753	1	./data/img/a_383.jpg
754	1	./data/img/a_160.jpg
755	1	./data/img/a_281.jpg
756	1	./data/img/a_186.jpg
757	1	./data/img/a_397.jpg
758	1	./data/img/a_150.jpg
759	1	./data/img/a_351.jpg
760	1	./data/img/a_552.jpg
761	1	./data/img/a_492.jpg
762	1	./data/img/a_22.jpg
763	1	./data/img/a_481.jpg
764	1	./data/img/a_53.jpg
765	1	./data/img/a_470.jpg
766	1	./data/img/a_64.jpg
767	1	./data/img/a_113.jpg
